  function.c
C:\Users\korea_1\profHanStudy\profHanStudy\function.c(132,11): warning C4477: 'printf' : 서식 문자열 '%d'에 'int' 형식의 인수가 필요하지만 variadic 인수 1의 형식이 'double'입니다.
  homework1.c
  homework2.c
C:\Users\korea_1\profHanStudy\profHanStudy\homework2.c(237,17): warning C4244: '=': 'double'에서 'float'(으)로 변환하면서 데이터가 손실될 수 있습니다.
C:\Users\korea_1\profHanStudy\profHanStudy\homework2.c(283,18): warning C4244: '=': 'double'에서 'float'(으)로 변환하면서 데이터가 손실될 수 있습니다.
C:\Users\korea_1\profHanStudy\profHanStudy\homework2.c(334,6): warning C4244: '=': 'double'에서 'float'(으)로 변환하면서 데이터가 손실될 수 있습니다.
C:\Users\korea_1\profHanStudy\profHanStudy\homework2.c(383,6): warning C4244: '=': 'double'에서 'float'(으)로 변환하면서 데이터가 손실될 수 있습니다.
C:\Users\korea_1\profHanStudy\profHanStudy\homework2.c(389,30): warning C4244: '=': 'double'에서 'unsigned char'(으)로 변환하면서 데이터가 손실될 수 있습니다.
C:\Users\korea_1\profHanStudy\profHanStudy\homework2.c(424,22): warning C4305: '=': 'double'에서 'float'(으)로 잘립니다.
C:\Users\korea_1\profHanStudy\profHanStudy\homework2.c(426,25): warning C4305: '=': 'double'에서 'float'(으)로 잘립니다.
C:\Users\korea_1\profHanStudy\profHanStudy\homework2.c(427,25): warning C4305: '=': 'double'에서 'float'(으)로 잘립니다.
C:\Users\korea_1\profHanStudy\profHanStudy\homework2.c(428,25): warning C4305: '=': 'double'에서 'float'(으)로 잘립니다.
C:\Users\korea_1\profHanStudy\profHanStudy\homework2.c(430,26): warning C4305: '=': 'double'에서 'float'(으)로 잘립니다.
C:\Users\korea_1\profHanStudy\profHanStudy\homework2.c(434,21): warning C4305: '=': 'double'에서 'float'(으)로 잘립니다.
C:\Users\korea_1\profHanStudy\profHanStudy\homework2.c(435,26): warning C4305: '=': 'double'에서 'float'(으)로 잘립니다.
C:\Users\korea_1\profHanStudy\profHanStudy\homework2.c(436,25): warning C4305: '=': 'double'에서 'float'(으)로 잘립니다.
C:\Users\korea_1\profHanStudy\profHanStudy\homework2.c(437,25): warning C4305: '=': 'double'에서 'float'(으)로 잘립니다.
C:\Users\korea_1\profHanStudy\profHanStudy\homework2.c(438,25): warning C4305: '=': 'double'에서 'float'(으)로 잘립니다.
C:\Users\korea_1\profHanStudy\profHanStudy\homework2.c(439,26): warning C4305: '=': 'double'에서 'float'(으)로 잘립니다.
C:\Users\korea_1\profHanStudy\profHanStudy\homework2.c(440,25): warning C4305: '=': 'double'에서 'float'(으)로 잘립니다.
C:\Users\korea_1\profHanStudy\profHanStudy\homework2.c(445,26): warning C4305: '=': 'double'에서 'float'(으)로 잘립니다.
C:\Users\korea_1\profHanStudy\profHanStudy\homework2.c(447,25): warning C4305: '=': 'double'에서 'float'(으)로 잘립니다.
C:\Users\korea_1\profHanStudy\profHanStudy\homework2.c(448,25): warning C4305: '=': 'double'에서 'float'(으)로 잘립니다.
C:\Users\korea_1\profHanStudy\profHanStudy\homework2.c(449,25): warning C4305: '=': 'double'에서 'float'(으)로 잘립니다.
C:\Users\korea_1\profHanStudy\profHanStudy\homework2.c(451,26): warning C4305: '=': 'double'에서 'float'(으)로 잘립니다.
C:\Users\korea_1\profHanStudy\profHanStudy\homework2.c(455,22): warning C4305: '=': 'double'에서 'float'(으)로 잘립니다.
C:\Users\korea_1\profHanStudy\profHanStudy\homework2.c(456,25): warning C4305: '=': 'double'에서 'float'(으)로 잘립니다.
C:\Users\korea_1\profHanStudy\profHanStudy\homework2.c(457,26): warning C4305: '=': 'double'에서 'float'(으)로 잘립니다.
C:\Users\korea_1\profHanStudy\profHanStudy\homework2.c(458,25): warning C4305: '=': 'double'에서 'float'(으)로 잘립니다.
C:\Users\korea_1\profHanStudy\profHanStudy\homework2.c(459,25): warning C4305: '=': 'double'에서 'float'(으)로 잘립니다.
C:\Users\korea_1\profHanStudy\profHanStudy\homework2.c(460,25): warning C4305: '=': 'double'에서 'float'(으)로 잘립니다.
C:\Users\korea_1\profHanStudy\profHanStudy\homework2.c(461,26): warning C4305: '=': 'double'에서 'float'(으)로 잘립니다.
C:\Users\korea_1\profHanStudy\profHanStudy\homework2.c(462,25): warning C4305: '=': 'double'에서 'float'(으)로 잘립니다.
C:\Users\korea_1\profHanStudy\profHanStudy\homework2.c(463,26): warning C4305: '=': 'double'에서 'float'(으)로 잘립니다.
C:\Users\korea_1\profHanStudy\profHanStudy\homework2.c(466,21): warning C4305: '=': 'double'에서 'float'(으)로 잘립니다.
C:\Users\korea_1\profHanStudy\profHanStudy\homework2.c(467,26): warning C4305: '=': 'double'에서 'float'(으)로 잘립니다.
C:\Users\korea_1\profHanStudy\profHanStudy\homework2.c(468,25): warning C4305: '=': 'double'에서 'float'(으)로 잘립니다.
C:\Users\korea_1\profHanStudy\profHanStudy\homework2.c(469,26): warning C4305: '=': 'double'에서 'float'(으)로 잘립니다.
C:\Users\korea_1\profHanStudy\profHanStudy\homework2.c(470,25): warning C4305: '=': 'double'에서 'float'(으)로 잘립니다.
C:\Users\korea_1\profHanStudy\profHanStudy\homework2.c(471,25): warning C4305: '=': 'double'에서 'float'(으)로 잘립니다.
C:\Users\korea_1\profHanStudy\profHanStudy\homework2.c(472,25): warning C4305: '=': 'double'에서 'float'(으)로 잘립니다.
C:\Users\korea_1\profHanStudy\profHanStudy\homework2.c(473,26): warning C4305: '=': 'double'에서 'float'(으)로 잘립니다.
C:\Users\korea_1\profHanStudy\profHanStudy\homework2.c(474,25): warning C4305: '=': 'double'에서 'float'(으)로 잘립니다.
C:\Users\korea_1\profHanStudy\profHanStudy\homework2.c(475,26): warning C4305: '=': 'double'에서 'float'(으)로 잘립니다.
C:\Users\korea_1\profHanStudy\profHanStudy\homework2.c(476,26): warning C4305: '=': 'double'에서 'float'(으)로 잘립니다.
C:\Users\korea_1\profHanStudy\profHanStudy\homework2.c(481,26): warning C4305: '=': 'double'에서 'float'(으)로 잘립니다.
C:\Users\korea_1\profHanStudy\profHanStudy\homework2.c(482,25): warning C4305: '=': 'double'에서 'float'(으)로 잘립니다.
C:\Users\korea_1\profHanStudy\profHanStudy\homework2.c(483,26): warning C4305: '=': 'double'에서 'float'(으)로 잘립니다.
C:\Users\korea_1\profHanStudy\profHanStudy\homework2.c(484,25): warning C4305: '=': 'double'에서 'float'(으)로 잘립니다.
C:\Users\korea_1\profHanStudy\profHanStudy\homework2.c(485,25): warning C4305: '=': 'double'에서 'float'(으)로 잘립니다.
C:\Users\korea_1\profHanStudy\profHanStudy\homework2.c(486,25): warning C4305: '=': 'double'에서 'float'(으)로 잘립니다.
C:\Users\korea_1\profHanStudy\profHanStudy\homework2.c(487,26): warning C4305: '=': 'double'에서 'float'(으)로 잘립니다.
C:\Users\korea_1\profHanStudy\profHanStudy\homework2.c(488,25): warning C4305: '=': 'double'에서 'float'(으)로 잘립니다.
C:\Users\korea_1\profHanStudy\profHanStudy\homework2.c(489,26): warning C4305: '=': 'double'에서 'float'(으)로 잘립니다.
C:\Users\korea_1\profHanStudy\profHanStudy\homework2.c(493,22): warning C4305: '=': 'double'에서 'float'(으)로 잘립니다.
C:\Users\korea_1\profHanStudy\profHanStudy\homework2.c(494,25): warning C4305: '=': 'double'에서 'float'(으)로 잘립니다.
C:\Users\korea_1\profHanStudy\profHanStudy\homework2.c(495,25): warning C4305: '=': 'double'에서 'float'(으)로 잘립니다.
C:\Users\korea_1\profHanStudy\profHanStudy\homework2.c(496,26): warning C4305: '=': 'double'에서 'float'(으)로 잘립니다.
C:\Users\korea_1\profHanStudy\profHanStudy\homework2.c(497,25): warning C4305: '=': 'double'에서 'float'(으)로 잘립니다.
C:\Users\korea_1\profHanStudy\profHanStudy\homework2.c(498,25): warning C4305: '=': 'double'에서 'float'(으)로 잘립니다.
C:\Users\korea_1\profHanStudy\profHanStudy\homework2.c(499,25): warning C4305: '=': 'double'에서 'float'(으)로 잘립니다.
C:\Users\korea_1\profHanStudy\profHanStudy\homework2.c(500,26): warning C4305: '=': 'double'에서 'float'(으)로 잘립니다.
C:\Users\korea_1\profHanStudy\profHanStudy\homework2.c(501,25): warning C4305: '=': 'double'에서 'float'(으)로 잘립니다.
C:\Users\korea_1\profHanStudy\profHanStudy\homework2.c(502,25): warning C4305: '=': 'double'에서 'float'(으)로 잘립니다.
C:\Users\korea_1\profHanStudy\profHanStudy\homework2.c(503,27): warning C4305: '=': 'double'에서 'float'(으)로 잘립니다.
C:\Users\korea_1\profHanStudy\profHanStudy\homework2.c(507,25): warning C4305: '=': 'double'에서 'float'(으)로 잘립니다.
C:\Users\korea_1\profHanStudy\profHanStudy\homework2.c(508,26): warning C4305: '=': 'double'에서 'float'(으)로 잘립니다.
C:\Users\korea_1\profHanStudy\profHanStudy\homework2.c(509,26): warning C4305: '=': 'double'에서 'float'(으)로 잘립니다.
C:\Users\korea_1\profHanStudy\profHanStudy\homework2.c(510,25): warning C4305: '=': 'double'에서 'float'(으)로 잘립니다.
C:\Users\korea_1\profHanStudy\profHanStudy\homework2.c(511,25): warning C4305: '=': 'double'에서 'float'(으)로 잘립니다.
C:\Users\korea_1\profHanStudy\profHanStudy\homework2.c(512,25): warning C4305: '=': 'double'에서 'float'(으)로 잘립니다.
C:\Users\korea_1\profHanStudy\profHanStudy\homework2.c(513,26): warning C4305: '=': 'double'에서 'float'(으)로 잘립니다.
C:\Users\korea_1\profHanStudy\profHanStudy\homework2.c(514,26): warning C4305: '=': 'double'에서 'float'(으)로 잘립니다.
C:\Users\korea_1\profHanStudy\profHanStudy\homework2.c(515,25): warning C4305: '=': 'double'에서 'float'(으)로 잘립니다.
C:\Users\korea_1\profHanStudy\profHanStudy\homework2.c(519,21): warning C4305: '=': 'double'에서 'float'(으)로 잘립니다.
C:\Users\korea_1\profHanStudy\profHanStudy\homework2.c(521,26): warning C4305: '=': 'double'에서 'float'(으)로 잘립니다.
C:\Users\korea_1\profHanStudy\profHanStudy\homework2.c(523,25): warning C4305: '=': 'double'에서 'float'(으)로 잘립니다.
C:\Users\korea_1\profHanStudy\profHanStudy\homework2.c(524,25): warning C4305: '=': 'double'에서 'float'(으)로 잘립니다.
C:\Users\korea_1\profHanStudy\profHanStudy\homework2.c(525,25): warning C4305: '=': 'double'에서 'float'(으)로 잘립니다.
C:\Users\korea_1\profHanStudy\profHanStudy\homework2.c(527,26): warning C4305: '=': 'double'에서 'float'(으)로 잘립니다.
C:\Users\korea_1\profHanStudy\profHanStudy\homework2.c(529,26): warning C4305: '=': 'double'에서 'float'(으)로 잘립니다.
C:\Users\korea_1\profHanStudy\profHanStudy\homework2.c(533,26): warning C4305: '=': 'double'에서 'float'(으)로 잘립니다.
C:\Users\korea_1\profHanStudy\profHanStudy\homework2.c(534,26): warning C4305: '=': 'double'에서 'float'(으)로 잘립니다.
C:\Users\korea_1\profHanStudy\profHanStudy\homework2.c(535,25): warning C4305: '=': 'double'에서 'float'(으)로 잘립니다.
C:\Users\korea_1\profHanStudy\profHanStudy\homework2.c(536,25): warning C4305: '=': 'double'에서 'float'(으)로 잘립니다.
C:\Users\korea_1\profHanStudy\profHanStudy\homework2.c(537,25): warning C4305: '=': 'double'에서 'float'(으)로 잘립니다.
C:\Users\korea_1\profHanStudy\profHanStudy\homework2.c(538,25): warning C4305: '=': 'double'에서 'float'(으)로 잘립니다.
C:\Users\korea_1\profHanStudy\profHanStudy\homework2.c(539,25): warning C4305: '=': 'double'에서 'float'(으)로 잘립니다.
C:\Users\korea_1\profHanStudy\profHanStudy\homework2.c(540,26): warning C4305: '=': 'double'에서 'float'(으)로 잘립니다.
C:\Users\korea_1\profHanStudy\profHanStudy\homework2.c(541,26): warning C4305: '=': 'double'에서 'float'(으)로 잘립니다.
C:\Users\korea_1\profHanStudy\profHanStudy\homework2.c(545,21): warning C4305: '=': 'double'에서 'float'(으)로 잘립니다.
C:\Users\korea_1\profHanStudy\profHanStudy\homework2.c(547,26): warning C4305: '=': 'double'에서 'float'(으)로 잘립니다.
C:\Users\korea_1\profHanStudy\profHanStudy\homework2.c(548,25): warning C4305: '=': 'double'에서 'float'(으)로 잘립니다.
C:\Users\korea_1\profHanStudy\profHanStudy\homework2.c(549,26): warning C4305: '=': 'double'에서 'float'(으)로 잘립니다.
C:\Users\korea_1\profHanStudy\profHanStudy\homework2.c(550,25): warning C4305: '=': 'double'에서 'float'(으)로 잘립니다.
C:\Users\korea_1\profHanStudy\profHanStudy\homework2.c(551,25): warning C4305: '=': 'double'에서 'float'(으)로 잘립니다.
C:\Users\korea_1\profHanStudy\profHanStudy\homework2.c(552,25): warning C4305: '=': 'double'에서 'float'(으)로 잘립니다.
C:\Users\korea_1\profHanStudy\profHanStudy\homework2.c(553,26): warning C4305: '=': 'double'에서 'float'(으)로 잘립니다.
C:\Users\korea_1\profHanStudy\profHanStudy\homework2.c(554,25): warning C4305: '=': 'double'에서 'float'(으)로 잘립니다.
C:\Users\korea_1\profHanStudy\profHanStudy\homework2.c(555,27): warning C4305: '=': 'double'에서 'float'(으)로 잘립니다.
C:\Users\korea_1\profHanStudy\profHanStudy\homework2.c(557,26): warning C4305: '=': 'double'에서 'float'(으)로 잘립니다.
C:\Users\korea_1\profHanStudy\profHanStudy\homework2.c(560,22): warning C4305: '=': 'double'에서 'float'(으)로 잘립니다.
C:\Users\korea_1\profHanStudy\profHanStudy\homework2.c(561,25): warning C4305: '=': 'double'에서 'float'(으)로 잘립니다.
C:\Users\korea_1\profHanStudy\profHanStudy\homework2.c(563,26): warning C4305: '=': 'double'에서 'float'(으)로 잘립니다.
C:\Users\korea_1\profHanStudy\profHanStudy\homework2.c(564,25): warning C4305: '=': 'double'에서 'float'(으)로 잘립니다.
C:\Users\korea_1\profHanStudy\profHanStudy\homework2.c(565,26): warning C4305: '=': 'double'에서 'float'(으)로 잘립니다.
C:\Users\korea_1\profHanStudy\profHanStudy\homework2.c(566,25): warning C4305: '=': 'double'에서 'float'(으)로 잘립니다.
C:\Users\korea_1\profHanStudy\profHanStudy\homework2.c(567,25): warning C4305: '=': 'double'에서 'float'(으)로 잘립니다.
C:\Users\korea_1\profHanStudy\profHanStudy\homework2.c(568,25): warning C4305: '=': 'double'에서 'float'(으)로 잘립니다.
C:\Users\korea_1\profHanStudy\profHanStudy\homework2.c(569,26): warning C4305: '=': 'double'에서 'float'(으)로 잘립니다.
C:\Users\korea_1\profHanStudy\profHanStudy\homework2.c(570,26): warning C4305: '=': 'double'에서 'float'(으)로 잘립니다.
C:\Users\korea_1\profHanStudy\profHanStudy\homework2.c(571,27): warning C4305: '=': 'double'에서 'float'(으)로 잘립니다.
C:\Users\korea_1\profHanStudy\profHanStudy\homework2.c(573,26): warning C4305: '=': 'double'에서 'float'(으)로 잘립니다.
C:\Users\korea_1\profHanStudy\profHanStudy\homework2.c(574,27): warning C4305: '=': 'double'에서 'float'(으)로 잘립니다.
C:\Users\korea_1\profHanStudy\profHanStudy\homework2.c(577,20): warning C4305: '=': 'double'에서 'float'(으)로 잘립니다.
C:\Users\korea_1\profHanStudy\profHanStudy\homework2.c(578,25): warning C4305: '=': 'double'에서 'float'(으)로 잘립니다.
C:\Users\korea_1\profHanStudy\profHanStudy\homework2.c(579,24): warning C4305: '=': 'double'에서 'float'(으)로 잘립니다.
C:\Users\korea_1\profHanStudy\profHanStudy\homework2.c(581,25): warning C4305: '=': 'double'에서 'float'(으)로 잘립니다.
C:\Users\korea_1\profHanStudy\profHanStudy\homework2.c(582,24): warning C4305: '=': 'double'에서 'float'(으)로 잘립니다.
C:\Users\korea_1\profHanStudy\profHanStudy\homework2.c(583,25): warning C4305: '=': 'double'에서 'float'(으)로 잘립니다.
C:\Users\korea_1\profHanStudy\profHanStudy\homework2.c(584,24): warning C4305: '=': 'double'에서 'float'(으)로 잘립니다.
C:\Users\korea_1\profHanStudy\profHanStudy\homework2.c(585,24): warning C4305: '=': 'double'에서 'float'(으)로 잘립니다.
C:\Users\korea_1\profHanStudy\profHanStudy\homework2.c(586,24): warning C4305: '=': 'double'에서 'float'(으)로 잘립니다.
C:\Users\korea_1\profHanStudy\profHanStudy\homework2.c(587,26): warning C4305: '=': 'double'에서 'float'(으)로 잘립니다.
C:\Users\korea_1\profHanStudy\profHanStudy\homework2.c(588,25): warning C4305: '=': 'double'에서 'float'(으)로 잘립니다.
C:\Users\korea_1\profHanStudy\profHanStudy\homework2.c(589,26): warning C4305: '=': 'double'에서 'float'(으)로 잘립니다.
C:\Users\korea_1\profHanStudy\profHanStudy\homework2.c(591,25): warning C4305: '=': 'double'에서 'float'(으)로 잘립니다.
C:\Users\korea_1\profHanStudy\profHanStudy\homework2.c(592,26): warning C4305: '=': 'double'에서 'float'(으)로 잘립니다.
C:\Users\korea_1\profHanStudy\profHanStudy\homework2.c(593,25): warning C4305: '=': 'double'에서 'float'(으)로 잘립니다.
C:\Users\korea_1\profHanStudy\profHanStudy\homework2.c(670,48): warning C4244: '=': 'double'에서 'float'(으)로 변환하면서 데이터가 손실될 수 있습니다.
C:\Users\korea_1\profHanStudy\profHanStudy\homework2.c(673,48): warning C4244: '=': 'double'에서 'float'(으)로 변환하면서 데이터가 손실될 수 있습니다.
C:\Users\korea_1\profHanStudy\profHanStudy\homework2.c(658,1): warning C4305: '초기화 중': 'double'에서 'float'(으)로 잘립니다.
  homework3.c
C:\Users\korea_1\profHanStudy\profHanStudy\homework3.c(206,44): warning C4244: '=': 'double'에서 'unsigned char'(으)로 변환하면서 데이터가 손실될 수 있습니다.
C:\Users\korea_1\profHanStudy\profHanStudy\homework3.c(291,44): warning C4244: '=': 'double'에서 'unsigned char'(으)로 변환하면서 데이터가 손실될 수 있습니다.
C:\Users\korea_1\profHanStudy\profHanStudy\homework3.c(484,53): warning C4244: '=': 'double'에서 'unsigned char'(으)로 변환하면서 데이터가 손실될 수 있습니다.
C:\Users\korea_1\profHanStudy\profHanStudy\homework3.c(521,55): warning C4244: '=': 'double'에서 'unsigned char'(으)로 변환하면서 데이터가 손실될 수 있습니다.
C:\Users\korea_1\profHanStudy\profHanStudy\homework3.c(684,44): warning C4244: '=': 'double'에서 'unsigned char'(으)로 변환하면서 데이터가 손실될 수 있습니다.
C:\Users\korea_1\profHanStudy\profHanStudy\homework3.c(1055,45): warning C4244: '=': 'double'에서 'unsigned char'(으)로 변환하면서 데이터가 손실될 수 있습니다.
C:\Users\korea_1\profHanStudy\profHanStudy\homework3.c(1083,10): warning C4098: 'quantization_IDCT': 'void' 함수에서 값을 반환하고 있습니다.
  homework5.c
C:\Users\korea_1\profHanStudy\profHanStudy\homework5.c(150,10): warning C4098: 'DCT_char': 'void' 함수에서 값을 반환하고 있습니다.
C:\Users\korea_1\profHanStudy\profHanStudy\homework5.c(557,36): warning C4244: '=': 'double'에서 'char'(으)로 변환하면서 데이터가 손실될 수 있습니다.
C:\Users\korea_1\profHanStudy\profHanStudy\homework5.c(566,10): warning C4098: 'quantization_IDCT_jpeg': 'void' 함수에서 값을 반환하고 있습니다.
  main.c
  코드를 생성하고 있습니다...
C:\Users\korea_1\profHanStudy\profHanStudy\homework3.c(541): warning C4716: 'vertical_horizontal_DCT': 값을 반환해야 합니다.
  profHanStudy.vcxproj -> C:\Users\korea_1\profHanStudy\Debug\profHanStudy.exe
