  homewokr2.c
C:\Users\korea_1\profHanStudy\profHanStudy\homewokr2.c(286,67): warning C4244: '=': 'double'에서 'float'(으)로 변환하면서 데이터가 손실될 수 있습니다.
C:\Users\korea_1\profHanStudy\profHanStudy\homewokr2.c(332,69): warning C4244: '=': 'double'에서 'float'(으)로 변환하면서 데이터가 손실될 수 있습니다.
C:\Users\korea_1\profHanStudy\profHanStudy\homewokr2.c(383,48): warning C4244: '=': 'double'에서 'float'(으)로 변환하면서 데이터가 손실될 수 있습니다.
C:\Users\korea_1\profHanStudy\profHanStudy\homewokr2.c(432,48): warning C4244: '=': 'double'에서 'float'(으)로 변환하면서 데이터가 손실될 수 있습니다.
C:\Users\korea_1\profHanStudy\profHanStudy\homewokr2.c(438,57): warning C4244: '=': 'double'에서 'unsigned char'(으)로 변환하면서 데이터가 손실될 수 있습니다.
C:\Users\korea_1\profHanStudy\profHanStudy\homewokr2.c(473,22): warning C4305: '=': 'double'에서 'float'(으)로 잘립니다.
C:\Users\korea_1\profHanStudy\profHanStudy\homewokr2.c(475,25): warning C4305: '=': 'double'에서 'float'(으)로 잘립니다.
C:\Users\korea_1\profHanStudy\profHanStudy\homewokr2.c(476,25): warning C4305: '=': 'double'에서 'float'(으)로 잘립니다.
C:\Users\korea_1\profHanStudy\profHanStudy\homewokr2.c(477,25): warning C4305: '=': 'double'에서 'float'(으)로 잘립니다.
C:\Users\korea_1\profHanStudy\profHanStudy\homewokr2.c(479,26): warning C4305: '=': 'double'에서 'float'(으)로 잘립니다.
C:\Users\korea_1\profHanStudy\profHanStudy\homewokr2.c(483,21): warning C4305: '=': 'double'에서 'float'(으)로 잘립니다.
C:\Users\korea_1\profHanStudy\profHanStudy\homewokr2.c(484,26): warning C4305: '=': 'double'에서 'float'(으)로 잘립니다.
C:\Users\korea_1\profHanStudy\profHanStudy\homewokr2.c(485,25): warning C4305: '=': 'double'에서 'float'(으)로 잘립니다.
C:\Users\korea_1\profHanStudy\profHanStudy\homewokr2.c(486,25): warning C4305: '=': 'double'에서 'float'(으)로 잘립니다.
C:\Users\korea_1\profHanStudy\profHanStudy\homewokr2.c(487,25): warning C4305: '=': 'double'에서 'float'(으)로 잘립니다.
C:\Users\korea_1\profHanStudy\profHanStudy\homewokr2.c(488,26): warning C4305: '=': 'double'에서 'float'(으)로 잘립니다.
C:\Users\korea_1\profHanStudy\profHanStudy\homewokr2.c(489,25): warning C4305: '=': 'double'에서 'float'(으)로 잘립니다.
C:\Users\korea_1\profHanStudy\profHanStudy\homewokr2.c(494,26): warning C4305: '=': 'double'에서 'float'(으)로 잘립니다.
C:\Users\korea_1\profHanStudy\profHanStudy\homewokr2.c(496,25): warning C4305: '=': 'double'에서 'float'(으)로 잘립니다.
C:\Users\korea_1\profHanStudy\profHanStudy\homewokr2.c(497,25): warning C4305: '=': 'double'에서 'float'(으)로 잘립니다.
C:\Users\korea_1\profHanStudy\profHanStudy\homewokr2.c(498,25): warning C4305: '=': 'double'에서 'float'(으)로 잘립니다.
C:\Users\korea_1\profHanStudy\profHanStudy\homewokr2.c(500,26): warning C4305: '=': 'double'에서 'float'(으)로 잘립니다.
C:\Users\korea_1\profHanStudy\profHanStudy\homewokr2.c(504,22): warning C4305: '=': 'double'에서 'float'(으)로 잘립니다.
C:\Users\korea_1\profHanStudy\profHanStudy\homewokr2.c(505,25): warning C4305: '=': 'double'에서 'float'(으)로 잘립니다.
C:\Users\korea_1\profHanStudy\profHanStudy\homewokr2.c(506,26): warning C4305: '=': 'double'에서 'float'(으)로 잘립니다.
C:\Users\korea_1\profHanStudy\profHanStudy\homewokr2.c(507,25): warning C4305: '=': 'double'에서 'float'(으)로 잘립니다.
C:\Users\korea_1\profHanStudy\profHanStudy\homewokr2.c(508,25): warning C4305: '=': 'double'에서 'float'(으)로 잘립니다.
C:\Users\korea_1\profHanStudy\profHanStudy\homewokr2.c(509,25): warning C4305: '=': 'double'에서 'float'(으)로 잘립니다.
C:\Users\korea_1\profHanStudy\profHanStudy\homewokr2.c(510,26): warning C4305: '=': 'double'에서 'float'(으)로 잘립니다.
C:\Users\korea_1\profHanStudy\profHanStudy\homewokr2.c(511,25): warning C4305: '=': 'double'에서 'float'(으)로 잘립니다.
C:\Users\korea_1\profHanStudy\profHanStudy\homewokr2.c(512,26): warning C4305: '=': 'double'에서 'float'(으)로 잘립니다.
C:\Users\korea_1\profHanStudy\profHanStudy\homewokr2.c(515,21): warning C4305: '=': 'double'에서 'float'(으)로 잘립니다.
C:\Users\korea_1\profHanStudy\profHanStudy\homewokr2.c(516,26): warning C4305: '=': 'double'에서 'float'(으)로 잘립니다.
C:\Users\korea_1\profHanStudy\profHanStudy\homewokr2.c(517,25): warning C4305: '=': 'double'에서 'float'(으)로 잘립니다.
C:\Users\korea_1\profHanStudy\profHanStudy\homewokr2.c(518,26): warning C4305: '=': 'double'에서 'float'(으)로 잘립니다.
C:\Users\korea_1\profHanStudy\profHanStudy\homewokr2.c(519,25): warning C4305: '=': 'double'에서 'float'(으)로 잘립니다.
C:\Users\korea_1\profHanStudy\profHanStudy\homewokr2.c(520,25): warning C4305: '=': 'double'에서 'float'(으)로 잘립니다.
C:\Users\korea_1\profHanStudy\profHanStudy\homewokr2.c(521,25): warning C4305: '=': 'double'에서 'float'(으)로 잘립니다.
C:\Users\korea_1\profHanStudy\profHanStudy\homewokr2.c(522,26): warning C4305: '=': 'double'에서 'float'(으)로 잘립니다.
C:\Users\korea_1\profHanStudy\profHanStudy\homewokr2.c(523,25): warning C4305: '=': 'double'에서 'float'(으)로 잘립니다.
C:\Users\korea_1\profHanStudy\profHanStudy\homewokr2.c(524,26): warning C4305: '=': 'double'에서 'float'(으)로 잘립니다.
C:\Users\korea_1\profHanStudy\profHanStudy\homewokr2.c(525,26): warning C4305: '=': 'double'에서 'float'(으)로 잘립니다.
C:\Users\korea_1\profHanStudy\profHanStudy\homewokr2.c(530,26): warning C4305: '=': 'double'에서 'float'(으)로 잘립니다.
C:\Users\korea_1\profHanStudy\profHanStudy\homewokr2.c(531,25): warning C4305: '=': 'double'에서 'float'(으)로 잘립니다.
C:\Users\korea_1\profHanStudy\profHanStudy\homewokr2.c(532,26): warning C4305: '=': 'double'에서 'float'(으)로 잘립니다.
C:\Users\korea_1\profHanStudy\profHanStudy\homewokr2.c(533,25): warning C4305: '=': 'double'에서 'float'(으)로 잘립니다.
C:\Users\korea_1\profHanStudy\profHanStudy\homewokr2.c(534,25): warning C4305: '=': 'double'에서 'float'(으)로 잘립니다.
C:\Users\korea_1\profHanStudy\profHanStudy\homewokr2.c(535,25): warning C4305: '=': 'double'에서 'float'(으)로 잘립니다.
C:\Users\korea_1\profHanStudy\profHanStudy\homewokr2.c(536,26): warning C4305: '=': 'double'에서 'float'(으)로 잘립니다.
C:\Users\korea_1\profHanStudy\profHanStudy\homewokr2.c(537,25): warning C4305: '=': 'double'에서 'float'(으)로 잘립니다.
C:\Users\korea_1\profHanStudy\profHanStudy\homewokr2.c(538,26): warning C4305: '=': 'double'에서 'float'(으)로 잘립니다.
C:\Users\korea_1\profHanStudy\profHanStudy\homewokr2.c(542,22): warning C4305: '=': 'double'에서 'float'(으)로 잘립니다.
C:\Users\korea_1\profHanStudy\profHanStudy\homewokr2.c(543,25): warning C4305: '=': 'double'에서 'float'(으)로 잘립니다.
C:\Users\korea_1\profHanStudy\profHanStudy\homewokr2.c(544,25): warning C4305: '=': 'double'에서 'float'(으)로 잘립니다.
C:\Users\korea_1\profHanStudy\profHanStudy\homewokr2.c(545,26): warning C4305: '=': 'double'에서 'float'(으)로 잘립니다.
C:\Users\korea_1\profHanStudy\profHanStudy\homewokr2.c(546,25): warning C4305: '=': 'double'에서 'float'(으)로 잘립니다.
C:\Users\korea_1\profHanStudy\profHanStudy\homewokr2.c(547,25): warning C4305: '=': 'double'에서 'float'(으)로 잘립니다.
C:\Users\korea_1\profHanStudy\profHanStudy\homewokr2.c(548,25): warning C4305: '=': 'double'에서 'float'(으)로 잘립니다.
C:\Users\korea_1\profHanStudy\profHanStudy\homewokr2.c(549,26): warning C4305: '=': 'double'에서 'float'(으)로 잘립니다.
C:\Users\korea_1\profHanStudy\profHanStudy\homewokr2.c(550,25): warning C4305: '=': 'double'에서 'float'(으)로 잘립니다.
C:\Users\korea_1\profHanStudy\profHanStudy\homewokr2.c(551,25): warning C4305: '=': 'double'에서 'float'(으)로 잘립니다.
C:\Users\korea_1\profHanStudy\profHanStudy\homewokr2.c(552,27): warning C4305: '=': 'double'에서 'float'(으)로 잘립니다.
C:\Users\korea_1\profHanStudy\profHanStudy\homewokr2.c(556,25): warning C4305: '=': 'double'에서 'float'(으)로 잘립니다.
C:\Users\korea_1\profHanStudy\profHanStudy\homewokr2.c(557,26): warning C4305: '=': 'double'에서 'float'(으)로 잘립니다.
C:\Users\korea_1\profHanStudy\profHanStudy\homewokr2.c(558,26): warning C4305: '=': 'double'에서 'float'(으)로 잘립니다.
C:\Users\korea_1\profHanStudy\profHanStudy\homewokr2.c(559,25): warning C4305: '=': 'double'에서 'float'(으)로 잘립니다.
C:\Users\korea_1\profHanStudy\profHanStudy\homewokr2.c(560,25): warning C4305: '=': 'double'에서 'float'(으)로 잘립니다.
C:\Users\korea_1\profHanStudy\profHanStudy\homewokr2.c(561,25): warning C4305: '=': 'double'에서 'float'(으)로 잘립니다.
C:\Users\korea_1\profHanStudy\profHanStudy\homewokr2.c(562,26): warning C4305: '=': 'double'에서 'float'(으)로 잘립니다.
C:\Users\korea_1\profHanStudy\profHanStudy\homewokr2.c(563,26): warning C4305: '=': 'double'에서 'float'(으)로 잘립니다.
C:\Users\korea_1\profHanStudy\profHanStudy\homewokr2.c(564,25): warning C4305: '=': 'double'에서 'float'(으)로 잘립니다.
C:\Users\korea_1\profHanStudy\profHanStudy\homewokr2.c(568,21): warning C4305: '=': 'double'에서 'float'(으)로 잘립니다.
C:\Users\korea_1\profHanStudy\profHanStudy\homewokr2.c(570,26): warning C4305: '=': 'double'에서 'float'(으)로 잘립니다.
C:\Users\korea_1\profHanStudy\profHanStudy\homewokr2.c(572,25): warning C4305: '=': 'double'에서 'float'(으)로 잘립니다.
C:\Users\korea_1\profHanStudy\profHanStudy\homewokr2.c(573,25): warning C4305: '=': 'double'에서 'float'(으)로 잘립니다.
C:\Users\korea_1\profHanStudy\profHanStudy\homewokr2.c(574,25): warning C4305: '=': 'double'에서 'float'(으)로 잘립니다.
C:\Users\korea_1\profHanStudy\profHanStudy\homewokr2.c(576,26): warning C4305: '=': 'double'에서 'float'(으)로 잘립니다.
C:\Users\korea_1\profHanStudy\profHanStudy\homewokr2.c(578,26): warning C4305: '=': 'double'에서 'float'(으)로 잘립니다.
C:\Users\korea_1\profHanStudy\profHanStudy\homewokr2.c(582,26): warning C4305: '=': 'double'에서 'float'(으)로 잘립니다.
C:\Users\korea_1\profHanStudy\profHanStudy\homewokr2.c(583,26): warning C4305: '=': 'double'에서 'float'(으)로 잘립니다.
C:\Users\korea_1\profHanStudy\profHanStudy\homewokr2.c(584,25): warning C4305: '=': 'double'에서 'float'(으)로 잘립니다.
C:\Users\korea_1\profHanStudy\profHanStudy\homewokr2.c(585,25): warning C4305: '=': 'double'에서 'float'(으)로 잘립니다.
C:\Users\korea_1\profHanStudy\profHanStudy\homewokr2.c(586,25): warning C4305: '=': 'double'에서 'float'(으)로 잘립니다.
C:\Users\korea_1\profHanStudy\profHanStudy\homewokr2.c(587,25): warning C4305: '=': 'double'에서 'float'(으)로 잘립니다.
C:\Users\korea_1\profHanStudy\profHanStudy\homewokr2.c(588,25): warning C4305: '=': 'double'에서 'float'(으)로 잘립니다.
C:\Users\korea_1\profHanStudy\profHanStudy\homewokr2.c(589,26): warning C4305: '=': 'double'에서 'float'(으)로 잘립니다.
C:\Users\korea_1\profHanStudy\profHanStudy\homewokr2.c(590,26): warning C4305: '=': 'double'에서 'float'(으)로 잘립니다.
C:\Users\korea_1\profHanStudy\profHanStudy\homewokr2.c(594,21): warning C4305: '=': 'double'에서 'float'(으)로 잘립니다.
C:\Users\korea_1\profHanStudy\profHanStudy\homewokr2.c(596,26): warning C4305: '=': 'double'에서 'float'(으)로 잘립니다.
C:\Users\korea_1\profHanStudy\profHanStudy\homewokr2.c(597,25): warning C4305: '=': 'double'에서 'float'(으)로 잘립니다.
C:\Users\korea_1\profHanStudy\profHanStudy\homewokr2.c(598,26): warning C4305: '=': 'double'에서 'float'(으)로 잘립니다.
C:\Users\korea_1\profHanStudy\profHanStudy\homewokr2.c(599,25): warning C4305: '=': 'double'에서 'float'(으)로 잘립니다.
C:\Users\korea_1\profHanStudy\profHanStudy\homewokr2.c(600,25): warning C4305: '=': 'double'에서 'float'(으)로 잘립니다.
C:\Users\korea_1\profHanStudy\profHanStudy\homewokr2.c(601,25): warning C4305: '=': 'double'에서 'float'(으)로 잘립니다.
C:\Users\korea_1\profHanStudy\profHanStudy\homewokr2.c(602,26): warning C4305: '=': 'double'에서 'float'(으)로 잘립니다.
C:\Users\korea_1\profHanStudy\profHanStudy\homewokr2.c(603,25): warning C4305: '=': 'double'에서 'float'(으)로 잘립니다.
C:\Users\korea_1\profHanStudy\profHanStudy\homewokr2.c(604,27): warning C4305: '=': 'double'에서 'float'(으)로 잘립니다.
C:\Users\korea_1\profHanStudy\profHanStudy\homewokr2.c(606,26): warning C4305: '=': 'double'에서 'float'(으)로 잘립니다.
C:\Users\korea_1\profHanStudy\profHanStudy\homewokr2.c(609,22): warning C4305: '=': 'double'에서 'float'(으)로 잘립니다.
C:\Users\korea_1\profHanStudy\profHanStudy\homewokr2.c(610,25): warning C4305: '=': 'double'에서 'float'(으)로 잘립니다.
C:\Users\korea_1\profHanStudy\profHanStudy\homewokr2.c(612,26): warning C4305: '=': 'double'에서 'float'(으)로 잘립니다.
C:\Users\korea_1\profHanStudy\profHanStudy\homewokr2.c(613,25): warning C4305: '=': 'double'에서 'float'(으)로 잘립니다.
C:\Users\korea_1\profHanStudy\profHanStudy\homewokr2.c(614,26): warning C4305: '=': 'double'에서 'float'(으)로 잘립니다.
C:\Users\korea_1\profHanStudy\profHanStudy\homewokr2.c(615,25): warning C4305: '=': 'double'에서 'float'(으)로 잘립니다.
C:\Users\korea_1\profHanStudy\profHanStudy\homewokr2.c(616,25): warning C4305: '=': 'double'에서 'float'(으)로 잘립니다.
C:\Users\korea_1\profHanStudy\profHanStudy\homewokr2.c(617,25): warning C4305: '=': 'double'에서 'float'(으)로 잘립니다.
C:\Users\korea_1\profHanStudy\profHanStudy\homewokr2.c(618,26): warning C4305: '=': 'double'에서 'float'(으)로 잘립니다.
C:\Users\korea_1\profHanStudy\profHanStudy\homewokr2.c(619,26): warning C4305: '=': 'double'에서 'float'(으)로 잘립니다.
C:\Users\korea_1\profHanStudy\profHanStudy\homewokr2.c(620,27): warning C4305: '=': 'double'에서 'float'(으)로 잘립니다.
C:\Users\korea_1\profHanStudy\profHanStudy\homewokr2.c(622,26): warning C4305: '=': 'double'에서 'float'(으)로 잘립니다.
C:\Users\korea_1\profHanStudy\profHanStudy\homewokr2.c(623,27): warning C4305: '=': 'double'에서 'float'(으)로 잘립니다.
C:\Users\korea_1\profHanStudy\profHanStudy\homewokr2.c(626,20): warning C4305: '=': 'double'에서 'float'(으)로 잘립니다.
C:\Users\korea_1\profHanStudy\profHanStudy\homewokr2.c(627,25): warning C4305: '=': 'double'에서 'float'(으)로 잘립니다.
C:\Users\korea_1\profHanStudy\profHanStudy\homewokr2.c(628,24): warning C4305: '=': 'double'에서 'float'(으)로 잘립니다.
C:\Users\korea_1\profHanStudy\profHanStudy\homewokr2.c(630,25): warning C4305: '=': 'double'에서 'float'(으)로 잘립니다.
C:\Users\korea_1\profHanStudy\profHanStudy\homewokr2.c(631,24): warning C4305: '=': 'double'에서 'float'(으)로 잘립니다.
C:\Users\korea_1\profHanStudy\profHanStudy\homewokr2.c(632,25): warning C4305: '=': 'double'에서 'float'(으)로 잘립니다.
C:\Users\korea_1\profHanStudy\profHanStudy\homewokr2.c(633,24): warning C4305: '=': 'double'에서 'float'(으)로 잘립니다.
C:\Users\korea_1\profHanStudy\profHanStudy\homewokr2.c(634,24): warning C4305: '=': 'double'에서 'float'(으)로 잘립니다.
C:\Users\korea_1\profHanStudy\profHanStudy\homewokr2.c(635,24): warning C4305: '=': 'double'에서 'float'(으)로 잘립니다.
C:\Users\korea_1\profHanStudy\profHanStudy\homewokr2.c(636,26): warning C4305: '=': 'double'에서 'float'(으)로 잘립니다.
C:\Users\korea_1\profHanStudy\profHanStudy\homewokr2.c(637,25): warning C4305: '=': 'double'에서 'float'(으)로 잘립니다.
C:\Users\korea_1\profHanStudy\profHanStudy\homewokr2.c(638,26): warning C4305: '=': 'double'에서 'float'(으)로 잘립니다.
C:\Users\korea_1\profHanStudy\profHanStudy\homewokr2.c(640,25): warning C4305: '=': 'double'에서 'float'(으)로 잘립니다.
C:\Users\korea_1\profHanStudy\profHanStudy\homewokr2.c(641,26): warning C4305: '=': 'double'에서 'float'(으)로 잘립니다.
C:\Users\korea_1\profHanStudy\profHanStudy\homewokr2.c(642,25): warning C4305: '=': 'double'에서 'float'(으)로 잘립니다.
C:\Users\korea_1\profHanStudy\profHanStudy\homewokr2.c(719,62): warning C4244: '=': 'double'에서 'float'(으)로 변환하면서 데이터가 손실될 수 있습니다.
C:\Users\korea_1\profHanStudy\profHanStudy\homewokr2.c(722,61): warning C4244: '=': 'double'에서 'float'(으)로 변환하면서 데이터가 손실될 수 있습니다.
C:\Users\korea_1\profHanStudy\profHanStudy\homewokr2.c(707,1): warning C4305: '초기화 중': 'double'에서 'float'(으)로 잘립니다.
  profHanStudy.vcxproj -> C:\Users\korea_1\profHanStudy\Debug\profHanStudy.exe
